<?xml version="1.0" encoding="UTF-8"?>
<testng-results skipped="0" failed="0" ignored="0" total="0" passed="0">
  <reporter-output>
  </reporter-output>
  <suite name="search.SearchTest" duration-ms="2" started-at="2017-11-07T00:03:27Z" finished-at="2017-11-07T00:03:27Z">
    <groups>
    </groups>
    <test name="Command line test" duration-ms="2" started-at="2017-11-07T00:03:27Z" finished-at="2017-11-07T00:03:27Z">
    </test> <!-- Command line test -->
  </suite> <!-- search.SearchTest -->
</testng-results>
